This is pdfTeX, Version 3.14159265-2.6-1.40.21 (TeX Live 2020/W32TeX) (preloaded format=pdflatex 2021.3.8)  2 JUL 2021 00:59
entering extended mode
 \write18 enabled.
 file:line:error style messages enabled.
 %&-line parsing enabled.
**c:/Dorian/Travail/Maths/X1A_2020-2021/MAP361P/Projet_17/dinot_boully_17
(c:/Dorian/Travail/Maths/X1A_2020-2021/MAP361P/Projet_17/dinot_boully_17.tex
LaTeX2e <2020-10-01> patch level 4
L3 programming layer <2021-02-18> (c:/Programmes-DB/texlive/2020/texmf-dist/tex/latex/base/article.cls
Document Class: article 2020/04/10 v1.4m Standard LaTeX document class
(c:/Programmes-DB/texlive/2020/texmf-dist/tex/latex/base/size11.clo
File: size11.clo 2020/04/10 v1.4m Standard LaTeX file (size option)
)
\c@part=\count179
\c@section=\count180
\c@subsection=\count181
\c@subsubsection=\count182
\c@paragraph=\count183
\c@subparagraph=\count184
\c@figure=\count185
\c@table=\count186
\abovecaptionskip=\skip47
\belowcaptionskip=\skip48
\bibindent=\dimen138
) (c:/Programmes-DB/texlive/2020/texmf-dist/tex/latex/base/inputenc.sty
Package: inputenc 2020/08/01 v1.3d Input encoding file
\inpenc@prehook=\toks15
\inpenc@posthook=\toks16
) (c:/Programmes-DB/texlive/2020/texmf-dist/tex/latex/base/fontenc.sty
Package: fontenc 2020/08/10 v2.0s Standard LaTeX package
) (c:/Programmes-DB/texlive/2020/texmf-dist/tex/generic/babel/babel.sty
Package: babel 2021/03/03 3.55 The Babel package
 (c:/Programmes-DB/texlive/2020/texmf-dist/tex/generic/babel/babel.def
File: babel.def 2021/03/03 3.55 Babel common definitions
\babel@savecnt=\count187
\U@D=\dimen139
\l@babelnohyphens=\language86
 (c:/Programmes-DB/texlive/2020/texmf-dist/tex/generic/babel/txtbabel.def)
\bbl@readstream=\read2
)
\bbl@dirlevel=\count188
 (c:/Programmes-DB/texlive/2020/texmf-dist/tex/generic/babel-french/french.ldf
Language: french 2020/10/10 v3.5l French support from the babel system
Package babel Info: \l@acadian = using hyphenrules for french
(babel)             (\language28) on input line 91.
Package babel Info: \l@canadien = using hyphenrules for french
(babel)             (\language28) on input line 92.
\FB@nonchar=\count189
Package babel Info: Making : an active character on input line 430.
Package babel Info: Making ; an active character on input line 431.
Package babel Info: Making ! an active character on input line 432.
Package babel Info: Making ? an active character on input line 433.
\FBguill@level=\count190
\FBold@everypar=\toks17
\FB@Mht=\dimen140
\mc@charclass=\count191
\mc@charfam=\count192
\mc@charslot=\count193
\std@mcc=\count194
\dec@mcc=\count195
\listindentFB=\dimen141
\descindentFB=\dimen142
\labelindentFB=\dimen143
\labelwidthFB=\dimen144
\leftmarginFB=\dimen145
\parindentFFN=\dimen146
\FBfnindent=\dimen147
)) (c:/Programmes-DB/texlive/2020/texmf-dist/tex/latex/carlisle/scalefnt.sty) (c:/Programmes-DB/texlive/2020/texmf-dist/tex/latex/graphics/keyval.sty
Package: keyval 2014/10/28 v1.15 key=value parser (DPC)
\KV@toks@=\toks18
) (c:/Programmes-DB/texlive/2020/texmf-dist/tex/latex/geometry/geometry.sty
Package: geometry 2020/01/02 v5.9 Page Geometry
 (c:/Programmes-DB/texlive/2020/texmf-dist/tex/generic/iftex/ifvtex.sty
Package: ifvtex 2019/10/25 v1.7 ifvtex legacy package. Use iftex instead.
 (c:/Programmes-DB/texlive/2020/texmf-dist/tex/generic/iftex/iftex.sty
Package: iftex 2020/03/06 v1.0d TeX engine tests
))
\Gm@cnth=\count196
\Gm@cntv=\count197
\c@Gm@tempcnt=\count198
\Gm@bindingoffset=\dimen148
\Gm@wd@mp=\dimen149
\Gm@odd@mp=\dimen150
\Gm@even@mp=\dimen151
\Gm@layoutwidth=\dimen152
\Gm@layoutheight=\dimen153
\Gm@layouthoffset=\dimen154
\Gm@layoutvoffset=\dimen155
\Gm@dimlist=\toks19
) (c:/Programmes-DB/texlive/2020/texmf-dist/tex/latex/amsmath/amsmath.sty
Package: amsmath 2020/09/23 v2.17i AMS math features
\@mathmargin=\skip49

For additional information on amsmath, use the `?' option.
(c:/Programmes-DB/texlive/2020/texmf-dist/tex/latex/amsmath/amstext.sty
Package: amstext 2000/06/29 v2.01 AMS text
 (c:/Programmes-DB/texlive/2020/texmf-dist/tex/latex/amsmath/amsgen.sty
File: amsgen.sty 1999/11/30 v2.0 generic functions
\@emptytoks=\toks20
\ex@=\dimen156
)) (c:/Programmes-DB/texlive/2020/texmf-dist/tex/latex/amsmath/amsbsy.sty
Package: amsbsy 1999/11/29 v1.2d Bold Symbols
\pmbraise@=\dimen157
) (c:/Programmes-DB/texlive/2020/texmf-dist/tex/latex/amsmath/amsopn.sty
Package: amsopn 2016/03/08 v2.02 operator names
)
\inf@bad=\count199
LaTeX Info: Redefining \frac on input line 234.
\uproot@=\count266
\leftroot@=\count267
LaTeX Info: Redefining \overline on input line 399.
\classnum@=\count268
\DOTSCASE@=\count269
LaTeX Info: Redefining \ldots on input line 496.
LaTeX Info: Redefining \dots on input line 499.
LaTeX Info: Redefining \cdots on input line 620.
\Mathstrutbox@=\box47
\strutbox@=\box48
\big@size=\dimen158
LaTeX Font Info:    Redeclaring font encoding OML on input line 743.
LaTeX Font Info:    Redeclaring font encoding OMS on input line 744.
\macc@depth=\count270
\c@MaxMatrixCols=\count271
\dotsspace@=\muskip16
\c@parentequation=\count272
\dspbrk@lvl=\count273
\tag@help=\toks21
\row@=\count274
\column@=\count275
\maxfields@=\count276
\andhelp@=\toks22
\eqnshift@=\dimen159
\alignsep@=\dimen160
\tagshift@=\dimen161
\tagwidth@=\dimen162
\totwidth@=\dimen163
\lineht@=\dimen164
\@envbody=\toks23
\multlinegap=\skip50
\multlinetaggap=\skip51
\mathdisplay@stack=\toks24
LaTeX Info: Redefining \[ on input line 2923.
LaTeX Info: Redefining \] on input line 2924.
) (c:/Programmes-DB/texlive/2020/texmf-dist/tex/latex/amsfonts/amssymb.sty
Package: amssymb 2013/01/14 v3.01 AMS font symbols
 (c:/Programmes-DB/texlive/2020/texmf-dist/tex/latex/amsfonts/amsfonts.sty
Package: amsfonts 2013/01/14 v3.01 Basic AMSFonts support
\symAMSa=\mathgroup4
\symAMSb=\mathgroup5
LaTeX Font Info:    Redeclaring math symbol \hbar on input line 98.
LaTeX Font Info:    Overwriting math alphabet `\mathfrak' in version `bold'
(Font)                  U/euf/m/n --> U/euf/b/n on input line 106.
)) (c:/Programmes-DB/texlive/2020/texmf-dist/tex/latex/amscls/amsthm.sty
Package: amsthm 2020/05/29 v2.20.6
\thm@style=\toks25
\thm@bodyfont=\toks26
\thm@headfont=\toks27
\thm@notefont=\toks28
\thm@headpunct=\toks29
\thm@preskip=\skip52
\thm@postskip=\skip53
\thm@headsep=\skip54
\dth@everypar=\toks30
) (c:/Programmes-DB/texlive/2020/texmf-dist/tex/latex/doublestroke/dsfont.sty
Package: dsfont 1995/08/01 v0.1 Double stroke roman fonts
) (c:/Programmes-DB/texlive/2020/texmf-dist/tex/latex/IEEEtran/IEEEtrantools.sty
Package: IEEEtrantools 2015/08/26 V1.5 by Michael Shell

-- See the "IEEEtrantools_doc.txt" manual for usage information.
-- http://www.michaelshell.org/tex/ieeetran/tools/
\@IEEEtrantmpdimenA=\dimen165
\@IEEEtrantmpdimenB=\dimen166
\@IEEEtrantmpdimenC=\dimen167
\@IEEEtrantmpcountA=\count277
\@IEEEtrantmpcountB=\count278
\@IEEEtrantmpcountC=\count279
\@IEEEtrantmptoksA=\toks31
\IEEEnormaljot=\dimen168
\IEEEquantizedlength=\dimen169
\IEEEquantizedlengthdiff=\dimen170
\IEEEquantizedtextheightdiff=\dimen171
\IEEEilabelindentA=\dimen172
\IEEEilabelindentB=\dimen173
\IEEEilabelindent=\dimen174
\IEEEelabelindent=\dimen175
\IEEEdlabelindent=\dimen176
\IEEElabelindent=\dimen177
\IEEEiednormlabelsep=\dimen178
\IEEEiedmathlabelsep=\dimen179
\IEEEiedtopsep=\skip55
\c@IEEEsubequation=\count280
\@IEEEeqnnumcols=\count281
\@IEEEeqncolcnt=\count282
\@IEEEsubeqnnumrollback=\count283
\IEEEPARstartletwidth=\dimen180
) (c:/Programmes-DB/texlive/2020/texmf-dist/tex/latex/enumitem/enumitem.sty
Package: enumitem 2019/06/20 v3.9 Customized lists
\labelindent=\skip56
\enit@outerparindent=\dimen181
\enit@toks=\toks32
\enit@inbox=\box49
\enit@count@id=\count284
\enitdp@description=\count285
)
\c@thm=\count286
\c@coro=\count287
 (c:/Programmes-DB/texlive/2020/texmf-dist/tex/latex/l3backend/l3backend-pdftex.def
File: l3backend-pdftex.def 2021-03-18 L3 backend support: PDF output (pdfTeX)
\l__color_backend_stack_int=\count288
\l__pdf_internal_box=\box50
) (./dinot_boully_17.aux)
\openout1 = `dinot_boully_17.aux'.

LaTeX Font Info:    Checking defaults for OML/cmm/m/it on input line 48.
LaTeX Font Info:    ... okay on input line 48.
LaTeX Font Info:    Checking defaults for OMS/cmsy/m/n on input line 48.
LaTeX Font Info:    ... okay on input line 48.
LaTeX Font Info:    Checking defaults for OT1/cmr/m/n on input line 48.
LaTeX Font Info:    ... okay on input line 48.
LaTeX Font Info:    Checking defaults for T1/cmr/m/n on input line 48.
LaTeX Font Info:    ... okay on input line 48.
LaTeX Font Info:    Checking defaults for TS1/cmr/m/n on input line 48.
LaTeX Font Info:    ... okay on input line 48.
LaTeX Font Info:    Checking defaults for OMX/cmex/m/n on input line 48.
LaTeX Font Info:    ... okay on input line 48.
LaTeX Font Info:    Checking defaults for U/cmr/m/n on input line 48.
LaTeX Font Info:    ... okay on input line 48.
LaTeX Info: Redefining \degres on input line 48.
LaTeX Info: Redefining \dots on input line 48.
Package french.ldf Info: Setting StandardItemizeEnv=true for
(french.ldf)             compatibility with enumitem package,
(french.ldf)             reported on input line 48.
Package french.ldf Info: Setting StandardEnumerateEnv=true for
(french.ldf)             compatibility with enumitem package,
(french.ldf)             reported on input line 48.
LaTeX Info: Redefining \up on input line 48.

*geometry* driver: auto-detecting
*geometry* detected driver: pdftex
*geometry* verbose mode - [ preamble ] result:
* driver: pdftex
* paper: <default>
* layout: <same size as paper>
* layoutoffset:(h,v)=(0.0pt,0.0pt)
* modes: 
* h-part:(L,W,R)=(56.9055pt, 500.484pt, 56.9055pt)
* v-part:(T,H,B)=(56.9055pt, 681.15898pt, 56.9055pt)
* \paperwidth=614.295pt
* \paperheight=794.96999pt
* \textwidth=500.484pt
* \textheight=681.15898pt
* \oddsidemargin=-15.36449pt
* \evensidemargin=-15.36449pt
* \topmargin=-52.36449pt
* \headheight=12.0pt
* \headsep=25.0pt
* \topskip=11.0pt
* \footskip=30.0pt
* \marginparwidth=59.0pt
* \marginparsep=10.0pt
* \columnsep=10.0pt
* \skip\footins=10.0pt plus 4.0pt minus 2.0pt
* \hoffset=0.0pt
* \voffset=0.0pt
* \mag=1000
* \@twocolumnfalse
* \@twosidefalse
* \@mparswitchfalse
* \@reversemarginfalse
* (1in=72.27pt=25.4mm, 1cm=28.453pt)

LaTeX Font Info:    Trying to load font information for U+msa on input line 49.
(c:/Programmes-DB/texlive/2020/texmf-dist/tex/latex/amsfonts/umsa.fd
File: umsa.fd 2013/01/14 v3.01 AMS symbols A
)
LaTeX Font Info:    Trying to load font information for U+msb on input line 49.
 (c:/Programmes-DB/texlive/2020/texmf-dist/tex/latex/amsfonts/umsb.fd
File: umsb.fd 2013/01/14 v3.01 AMS symbols B
) [1

{c:/Programmes-DB/texlive/2020/texmf-var/fonts/map/pdftex/updmap/pdftex.map}] [2] [3]
LaTeX Font Info:    Trying to load font information for U+dsrom on input line 146.
 (c:/Programmes-DB/texlive/2020/texmf-dist/tex/latex/doublestroke/Udsrom.fd
File: Udsrom.fd 1995/08/01 v0.1 Double stroke roman font definitions
) [4] [5] [6] [7] (./dinot_boully_17.aux) ) 
Here is how much of TeX's memory you used:
 4737 strings out of 479023
 68811 string characters out of 5856421
 405076 words of memory out of 5000000
 22171 multiletter control sequences out of 15000+600000
 418361 words of font info for 67 fonts, out of 8000000 for 9000
 1141 hyphenation exceptions out of 8191
 68i,14n,74p,1591b,424s stack positions out of 5000i,500n,10000p,200000b,80000s
{c:/Programmes-DB/texlive/2020/texmf-dist/fonts/enc/dvips/cm-super/cm-super-t1.enc}<c:/Programmes-DB/texlive/2020/texmf-dist/fonts/type1/public/amsfonts/cm/cmbx10.pfb><c:/Programmes-DB/texlive/2020/texmf-dist/fonts/type1/public/amsfonts/cm/cmbx8.pfb><c:/Programmes-DB/texlive/2020/texmf-dist/fonts/type1/public/amsfonts/cm/cmex10.pfb><c:/Programmes-DB/texlive/2020/texmf-dist/fonts/type1/public/amsfonts/cm/cmmi10.pfb><c:/Programmes-DB/texlive/2020/texmf-dist/fonts/type1/public/amsfonts/cm/cmmi6.pfb><c:/Programmes-DB/texlive/2020/texmf-dist/fonts/type1/public/amsfonts/cm/cmmi8.pfb><c:/Programmes-DB/texlive/2020/texmf-dist/fonts/type1/public/amsfonts/cm/cmr10.pfb><c:/Programmes-DB/texlive/2020/texmf-dist/fonts/type1/public/amsfonts/cm/cmr6.pfb><c:/Programmes-DB/texlive/2020/texmf-dist/fonts/type1/public/amsfonts/cm/cmr8.pfb><c:/Programmes-DB/texlive/2020/texmf-dist/fonts/type1/public/amsfonts/cm/cmsy10.pfb><c:/Programmes-DB/texlive/2020/texmf-dist/fonts/type1/public/amsfonts/cm/cmsy6.pfb><c:/Programmes-DB/texlive/2020/texmf-dist/fonts/type1/public/amsfonts/cm/cmsy8.pfb><c:/Programmes-DB/texlive/2020/texmf-dist/fonts/type1/public/doublestroke/dsrom10.pfb><c:/Programmes-DB/texlive/2020/texmf-dist/fonts/type1/public/amsfonts/symbols/msam10.pfb><c:/Programmes-DB/texlive/2020/texmf-dist/fonts/type1/public/amsfonts/symbols/msbm10.pfb><c:/Programmes-DB/texlive/2020/texmf-dist/fonts/type1/public/cm-super/sfbx1095.pfb><c:/Programmes-DB/texlive/2020/texmf-dist/fonts/type1/public/cm-super/sfbx1440.pfb><c:/Programmes-DB/texlive/2020/texmf-dist/fonts/type1/public/cm-super/sfcc1200.pfb><c:/Programmes-DB/texlive/2020/texmf-dist/fonts/type1/public/cm-super/sfrm1095.pfb><c:/Programmes-DB/texlive/2020/texmf-dist/fonts/type1/public/cm-super/sfrm1200.pfb><c:/Programmes-DB/texlive/2020/texmf-dist/fonts/type1/public/cm-super/sfrm1728.pfb><c:/Programmes-DB/texlive/2020/texmf-dist/fonts/type1/public/cm-super/sfti1095.pfb>
Output written on dinot_boully_17.pdf (7 pages, 272317 bytes).
PDF statistics:
 117 PDF objects out of 1000 (max. 8388607)
 85 compressed objects within 1 object stream
 0 named destinations out of 1000 (max. 500000)
 1 words of extra memory for PDF output out of 10000 (max. 10000000)

